<?xml version="1.0" encoding="UTF-8"?>
<!-- Generated by org.testng.reporters.JUnitReportReporter -->
<testsuite hostname="INDIA-DANIEL" name="test.LoginTest" tests="1" failures="0" timestamp="10 Jan 2017 13:46:03 GMT" time="12.943" errors="0">
  <testcase name="loginTest" time="12.943" classname="test.LoginTest"/>
</testsuite> <!-- test.LoginTest -->
