<?xml version="1.0" encoding="UTF-8"?>
<!-- Generated by org.testng.reporters.JUnitReportReporter -->
<testsuite hostname="INDIA-DANIEL" name="map.LoginMap" tests="1" failures="0" timestamp="20 Sep 2016 13:59:16 GMT" time="7.379" errors="0">
  <testcase name="test2" time="7.379" classname="map.LoginMap"/>
</testsuite> <!-- map.LoginMap -->
